0 verbose cli C:\Program Files\nodejs\node.exe C:\Program Files\nodejs\node_modules\npm\bin\npm-cli.js
1 info using npm@11.9.0
2 info using node@v24.14.0
3 silly config load:file:C:\Program Files\nodejs\node_modules\npm\npmrc
4 silly config load:file:C:\Users\33231\Desktop\slizm_skills\.npmrc
5 silly config load:file:C:\Users\33231\.npmrc
6 silly config load:file:C:\Users\33231\AppData\Roaming\npm\etc\npmrc
7 verbose title npm exec skills find requirements
8 verbose argv "exec" "--" "skills" "find" "requirements"
9 verbose logfile logs-max:10 dir:C:\Users\33231\Desktop\slizm_skills\.npm-cache\_logs\2026-07-10T15_18_05_555Z-
10 verbose logfile C:\Users\33231\Desktop\slizm_skills\.npm-cache\_logs\2026-07-10T15_18_05_555Z-debug-0.log
11 silly logfile done cleaning log files
12 silly packumentCache heap:4496293888 maxSize:1124073472 maxEntrySize:562036736
13 http fetch GET 200 https://registry.npmjs.org/skills 1013ms (cache miss)
14 silly packumentCache heap:4496293888 maxSize:1124073472 maxEntrySize:562036736
15 silly packumentCache heap:4496293888 maxSize:1124073472 maxEntrySize:562036736
16 warn exec The following package was not found and will be installed: skills@1.5.15
17 silly idealTree buildDeps
18 silly fetch manifest skills@1.5.15
19 silly packumentCache full:https://registry.npmjs.org/skills cache-miss
20 http fetch GET 200 https://registry.npmjs.org/skills 400ms (cache miss)
21 silly packumentCache full:https://registry.npmjs.org/skills set size:undefined disposed:false
22 silly placeDep ROOT skills@1.5.15 OK for:  want: 1.5.15
23 silly fetch manifest yaml@^2.8.3
24 silly packumentCache full:https://registry.npmjs.org/yaml cache-miss
25 http fetch GET 200 https://registry.npmjs.org/npm 1692ms
26 http fetch GET 200 https://registry.npmjs.org/yaml 434ms (cache miss)
27 silly packumentCache full:https://registry.npmjs.org/yaml set size:undefined disposed:false
28 silly placeDep ROOT yaml@2.9.0 OK for: skills@1.5.15 want: ^2.8.3
29 silly reify moves {}
30 silly audit bulk request { skills: [ '1.5.15' ], yaml: [ '2.9.0' ] }
31 http cache yaml@https://registry.npmjs.org/yaml/-/yaml-2.9.0.tgz 1ms (cache hit)
32 silly tarball no local data for yaml@https://registry.npmjs.org/yaml/-/yaml-2.9.0.tgz. Extracting by manifest.
33 http cache skills@https://registry.npmjs.org/skills/-/skills-1.5.15.tgz 0ms (cache hit)
34 silly tarball no local data for skills@https://registry.npmjs.org/skills/-/skills-1.5.15.tgz. Extracting by manifest.
35 http fetch POST 200 https://registry.npmjs.org/-/npm/v1/security/advisories/bulk 242ms
36 silly audit report {}
37 http fetch GET 200 https://registry.npmjs.org/skills/-/skills-1.5.15.tgz 2095ms (cache miss)
38 http fetch GET 200 https://registry.npmjs.org/yaml/-/yaml-2.9.0.tgz 6310ms (cache miss)
39 verbose cwd C:\Users\33231\Desktop\slizm_skills
40 verbose os Windows_NT 10.0.26200
41 verbose node v24.14.0
42 verbose npm  v11.9.0
43 notice
43 notice New minor version of npm available! 11.9.0 -> 11.18.0
43 notice Changelog: https://github.com/npm/cli/releases/tag/v11.18.0
43 notice To update run: npm install -g npm@11.18.0
43 notice  { force: true, Symbol(proc-log.meta): true }
44 verbose exit 0
45 info ok
