0 verbose cli C:\Program Files\nodejs\node.exe C:\Program Files\nodejs\node_modules\npm\bin\npm-cli.js
1 info using npm@11.9.0
2 info using node@v24.14.0
3 silly config load:file:C:\Program Files\nodejs\node_modules\npm\npmrc
4 silly config load:file:C:\Users\33231\Desktop\slizm_skills\.npmrc
5 silly config load:file:C:\Users\33231\.npmrc
6 silly config load:file:C:\Users\33231\AppData\Roaming\npm\etc\npmrc
7 verbose title npm exec skills find requirements document
8 verbose argv "exec" "--" "skills" "find" "requirements document"
9 verbose logfile logs-max:10 dir:C:\Users\33231\Desktop\slizm_skills\.npm-cache\_logs\2026-07-10T15_18_40_423Z-
10 verbose logfile C:\Users\33231\Desktop\slizm_skills\.npm-cache\_logs\2026-07-10T15_18_40_423Z-debug-0.log
11 silly logfile done cleaning log files
12 silly packumentCache heap:4496293888 maxSize:1124073472 maxEntrySize:562036736
13 http fetch GET 200 https://registry.npmjs.org/skills 1726ms (cache revalidated)
14 silly packumentCache heap:4496293888 maxSize:1124073472 maxEntrySize:562036736
15 silly packumentCache heap:4496293888 maxSize:1124073472 maxEntrySize:562036736
16 verbose cwd C:\Users\33231\Desktop\slizm_skills
17 verbose os Windows_NT 10.0.26200
18 verbose node v24.14.0
19 verbose npm  v11.9.0
20 verbose exit 0
21 info ok
