0 verbose cli C:\Program Files\nodejs\node.exe C:\Program Files\nodejs\node_modules\npm\bin\npm-cli.js
1 info using npm@11.9.0
2 info using node@v24.14.0
3 silly config load:file:C:\Program Files\nodejs\node_modules\npm\npmrc
4 silly config load:file:C:\Users\33231\Desktop\slizm_skills\.npmrc
5 silly config load:file:C:\Users\33231\.npmrc
6 silly config load:file:C:\Users\33231\AppData\Roaming\npm\etc\npmrc
7 verbose title npm exec skills --help
8 verbose argv "exec" "--yes" "--cache" ".tmp\\npm-cache" "--" "skills" "--help"
9 verbose logfile logs-max:10 dir:C:\Users\33231\Desktop\slizm_skills\.tmp\npm-cache\_logs\2026-07-10T15_18_23_801Z-
10 verbose logfile C:\Users\33231\Desktop\slizm_skills\.tmp\npm-cache\_logs\2026-07-10T15_18_23_801Z-debug-0.log
11 silly logfile done cleaning log files
12 silly packumentCache heap:4496293888 maxSize:1124073472 maxEntrySize:562036736
13 http fetch GET 200 https://registry.npmjs.org/skills 984ms (cache miss)
14 silly packumentCache heap:4496293888 maxSize:1124073472 maxEntrySize:562036736
15 silly packumentCache heap:4496293888 maxSize:1124073472 maxEntrySize:562036736
16 silly idealTree buildDeps
17 silly fetch manifest skills@1.5.15
18 silly packumentCache full:https://registry.npmjs.org/skills cache-miss
19 http fetch GET 200 https://registry.npmjs.org/skills 339ms (cache miss)
20 silly packumentCache full:https://registry.npmjs.org/skills set size:undefined disposed:false
21 silly placeDep ROOT skills@1.5.15 OK for:  want: 1.5.15
22 silly fetch manifest yaml@^2.8.3
23 silly packumentCache full:https://registry.npmjs.org/yaml cache-miss
24 http fetch GET 200 https://registry.npmjs.org/npm 1675ms
25 http fetch GET 200 https://registry.npmjs.org/yaml 425ms (cache miss)
26 silly packumentCache full:https://registry.npmjs.org/yaml set size:undefined disposed:false
27 silly placeDep ROOT yaml@2.9.0 OK for: skills@1.5.15 want: ^2.8.3
28 silly reify moves {}
29 silly audit bulk request { skills: [ '1.5.15' ], yaml: [ '2.9.0' ] }
30 http cache yaml@https://registry.npmjs.org/yaml/-/yaml-2.9.0.tgz 0ms (cache hit)
31 http cache skills@https://registry.npmjs.org/skills/-/skills-1.5.15.tgz 0ms (cache hit)
32 silly tarball no local data for yaml@https://registry.npmjs.org/yaml/-/yaml-2.9.0.tgz. Extracting by manifest.
33 silly tarball no local data for skills@https://registry.npmjs.org/skills/-/skills-1.5.15.tgz. Extracting by manifest.
34 http fetch POST 200 https://registry.npmjs.org/-/npm/v1/security/advisories/bulk 243ms
35 silly audit report {}
36 http fetch GET 200 https://registry.npmjs.org/skills/-/skills-1.5.15.tgz 2714ms (cache miss)
37 http fetch GET 200 https://registry.npmjs.org/yaml/-/yaml-2.9.0.tgz 21241ms (cache miss)
38 verbose cwd C:\Users\33231\Desktop\slizm_skills
39 verbose os Windows_NT 10.0.26200
40 verbose node v24.14.0
41 verbose npm  v11.9.0
42 notice
42 notice New minor version of npm available! 11.9.0 -> 11.18.0
42 notice Changelog: https://github.com/npm/cli/releases/tag/v11.18.0
42 notice To update run: npm install -g npm@11.18.0
42 notice  { force: true, Symbol(proc-log.meta): true }
43 verbose exit 0
44 info ok
